<?xml version="1.0" encoding="UTF-8"?>
<!-- Generated by org.testng.reporters.JUnitXMLReporter -->
<testsuite ignored="0" hostname="MSI" failures="0" tests="3" name="Default test" time="0.055" errors="0" timestamp="2024-02-27T11:34:10 IST">
  <testcase classname="AxisMavvenn1.Axis.Priority" name="testcasel" time="0.011"/>
  <testcase classname="AxisMavvenn1.Axis.Priority" name="testcase3" time="0.006"/>
  <testcase classname="AxisMavvenn1.Axis.Priority" name="testcase2" time="0.001"/>
</testsuite> <!-- Default test -->
