<?xml version="1.0" encoding="UTF-8"?>
<testng-results ignored="0" total="3" passed="3" failed="0" skipped="0">
  <reporter-output>
  </reporter-output>
  <suite started-at="2024-02-27T11:34:10 IST" name="Default suite" finished-at="2024-02-27T11:34:10 IST" duration-ms="55">
    <groups>
    </groups>
    <test started-at="2024-02-27T11:34:10 IST" name="Default test" finished-at="2024-02-27T11:34:10 IST" duration-ms="55">
      <class name="AxisMavvenn1.Axis.Priority">
        <test-method signature="testcasel()[pri:0, instance:AxisMavvenn1.Axis.Priority@56cdfb3b]" started-at="2024-02-27T11:34:10 IST" name="testcasel" finished-at="2024-02-27T11:34:10 IST" duration-ms="11" status="PASS">
          <reporter-output>
          </reporter-output>
        </test-method> <!-- testcasel -->
        <test-method signature="testcase3()[pri:1, instance:AxisMavvenn1.Axis.Priority@56cdfb3b]" started-at="2024-02-27T11:34:10 IST" name="testcase3" finished-at="2024-02-27T11:34:10 IST" duration-ms="6" status="PASS">
          <reporter-output>
          </reporter-output>
        </test-method> <!-- testcase3 -->
        <test-method signature="testcase2()[pri:2, instance:AxisMavvenn1.Axis.Priority@56cdfb3b]" started-at="2024-02-27T11:34:10 IST" name="testcase2" finished-at="2024-02-27T11:34:10 IST" duration-ms="1" status="PASS">
          <reporter-output>
          </reporter-output>
        </test-method> <!-- testcase2 -->
      </class> <!-- AxisMavvenn1.Axis.Priority -->
    </test> <!-- Default test -->
  </suite> <!-- Default suite -->
</testng-results>
